00:00.443  render           | Saved: '/var/folders/3p/xy1mfckj5tz4kx3h_mzdyx1h0000gn/T/ODM_compositor_smoke_g6016ooy/operator/complete/ODM_staging_ee31f3fb653940f4bd7e8f150ce29d73/raw/matte/ODM_matte_0001.exr'
00:00.443  render           | Saved: '/var/folders/3p/xy1mfckj5tz4kx3h_mzdyx1h0000gn/T/ODM_compositor_smoke_g6016ooy/operator/complete/ODM_staging_ee31f3fb653940f4bd7e8f150ce29d73/raw/vector/ODM_vector_0001.exr'
00:00.444  render           | Saved: '/var/folders/3p/xy1mfckj5tz4kx3h_mzdyx1h0000gn/T/ODM_compositor_smoke_g6016ooy/operator/complete/ODM_staging_ee31f3fb653940f4bd7e8f150ce29d73/raw/beauty/ODM_beauty_0001.exr'
00:00.510  render           | Saved: '/var/folders/3p/xy1mfckj5tz4kx3h_mzdyx1h0000gn/T/ODM_compositor_smoke_g6016ooy/operator/cancelled/ODM_staging_c0bdd07e67a041d6a4adf92e67794f1f/raw/beauty/ODM_beauty_0001.exr'
00:00.511  render           | Saved: '/var/folders/3p/xy1mfckj5tz4kx3h_mzdyx1h0000gn/T/ODM_compositor_smoke_g6016ooy/operator/cancelled/ODM_staging_c0bdd07e67a041d6a4adf92e67794f1f/raw/matte/ODM_matte_0001.exr'
00:00.511  render           | Saved: '/var/folders/3p/xy1mfckj5tz4kx3h_mzdyx1h0000gn/T/ODM_compositor_smoke_g6016ooy/operator/cancelled/ODM_staging_c0bdd07e67a041d6a4adf92e67794f1f/raw/vector/ODM_vector_0001.exr'
00:00.577  render           | Saved: '/var/folders/3p/xy1mfckj5tz4kx3h_mzdyx1h0000gn/T/ODM_compositor_smoke_g6016ooy/operator/registered-background/ODM_staging_370964d6671c4c2b8f87097c3f876f2f/raw/vector/ODM_vector_0001.exr'
00:00.577  render           | Saved: '/var/folders/3p/xy1mfckj5tz4kx3h_mzdyx1h0000gn/T/ODM_compositor_smoke_g6016ooy/operator/registered-background/ODM_staging_370964d6671c4c2b8f87097c3f876f2f/raw/beauty/ODM_beauty_0001.exr'
00:00.577  render           | Saved: '/var/folders/3p/xy1mfckj5tz4kx3h_mzdyx1h0000gn/T/ODM_compositor_smoke_g6016ooy/operator/registered-background/ODM_staging_370964d6671c4c2b8f87097c3f876f2f/raw/matte/ODM_matte_0001.exr'
00:00.643  render           | Saved: '/var/folders/3p/xy1mfckj5tz4kx3h_mzdyx1h0000gn/T/ODM_compositor_smoke_g6016ooy/combined-modal/ODM_staging_f0c33e88ed1043f4a1acde1236061ebd/raw/matte/ODM_matte_0001.exr'
00:00.644  render           | Saved: '/var/folders/3p/xy1mfckj5tz4kx3h_mzdyx1h0000gn/T/ODM_compositor_smoke_g6016ooy/combined-modal/ODM_staging_f0c33e88ed1043f4a1acde1236061ebd/raw/beauty/ODM_beauty_0001.exr'
00:00.644  render           | Saved: '/var/folders/3p/xy1mfckj5tz4kx3h_mzdyx1h0000gn/T/ODM_compositor_smoke_g6016ooy/combined-modal/ODM_staging_f0c33e88ed1043f4a1acde1236061ebd/raw/vector/ODM_vector_0001.exr'
00:00.710  render           | Saved: '/var/folders/3p/xy1mfckj5tz4kx3h_mzdyx1h0000gn/T/ODM_compositor_smoke_g6016ooy/combined-modal/ODM_staging_f0c33e88ed1043f4a1acde1236061ebd/raw/matte/ODM_matte_0002.exr'
00:00.710  render           | Saved: '/var/folders/3p/xy1mfckj5tz4kx3h_mzdyx1h0000gn/T/ODM_compositor_smoke_g6016ooy/combined-modal/ODM_staging_f0c33e88ed1043f4a1acde1236061ebd/raw/vector/ODM_vector_0002.exr'
00:00.711  render           | Saved: '/var/folders/3p/xy1mfckj5tz4kx3h_mzdyx1h0000gn/T/ODM_compositor_smoke_g6016ooy/combined-modal/ODM_staging_f0c33e88ed1043f4a1acde1236061ebd/raw/beauty/ODM_beauty_0002.exr'
00:00.783  render           | Saved: '/var/folders/3p/xy1mfckj5tz4kx3h_mzdyx1h0000gn/T/ODM_compositor_smoke_g6016ooy/combined-render-cancel/ODM_staging_427093f6cc0e46f0a9406de3aaa6418f/raw/vector/ODM_vector_0001.exr'
00:00.784  render           | Saved: '/var/folders/3p/xy1mfckj5tz4kx3h_mzdyx1h0000gn/T/ODM_compositor_smoke_g6016ooy/combined-render-cancel/ODM_staging_427093f6cc0e46f0a9406de3aaa6418f/raw/beauty/ODM_beauty_0001.exr'
00:00.784  render           | Saved: '/var/folders/3p/xy1mfckj5tz4kx3h_mzdyx1h0000gn/T/ODM_compositor_smoke_g6016ooy/combined-render-cancel/ODM_staging_427093f6cc0e46f0a9406de3aaa6418f/raw/matte/ODM_matte_0001.exr'
00:00.850  render           | Saved: '/var/folders/3p/xy1mfckj5tz4kx3h_mzdyx1h0000gn/T/ODM_compositor_smoke_g6016ooy/combined-process-cancel/ODM_staging_8352a01c4399430fba0f87385bb58586/raw/beauty/ODM_beauty_0001.exr'
00:00.850  render           | Saved: '/var/folders/3p/xy1mfckj5tz4kx3h_mzdyx1h0000gn/T/ODM_compositor_smoke_g6016ooy/combined-process-cancel/ODM_staging_8352a01c4399430fba0f87385bb58586/raw/vector/ODM_vector_0001.exr'
00:00.851  render           | Saved: '/var/folders/3p/xy1mfckj5tz4kx3h_mzdyx1h0000gn/T/ODM_compositor_smoke_g6016ooy/combined-process-cancel/ODM_staging_8352a01c4399430fba0f87385bb58586/raw/matte/ODM_matte_0001.exr'
00:00.916  render           | Saved: '/var/folders/3p/xy1mfckj5tz4kx3h_mzdyx1h0000gn/T/ODM_compositor_smoke_g6016ooy/combined-process-cancel/ODM_staging_8352a01c4399430fba0f87385bb58586/raw/beauty/ODM_beauty_0002.exr'
00:00.916  render           | Saved: '/var/folders/3p/xy1mfckj5tz4kx3h_mzdyx1h0000gn/T/ODM_compositor_smoke_g6016ooy/combined-process-cancel/ODM_staging_8352a01c4399430fba0f87385bb58586/raw/vector/ODM_vector_0002.exr'
00:00.916  render           | Saved: '/var/folders/3p/xy1mfckj5tz4kx3h_mzdyx1h0000gn/T/ODM_compositor_smoke_g6016ooy/combined-process-cancel/ODM_staging_8352a01c4399430fba0f87385bb58586/raw/matte/ODM_matte_0002.exr'
00:00.983  render           | Saved: '/var/folders/3p/xy1mfckj5tz4kx3h_mzdyx1h0000gn/T/ODM_compositor_smoke_g6016ooy/combined-background/ODM_staging_22ee72810ed64f37977e5e567a0a21c3/raw/beauty/ODM_beauty_0001.exr'
00:00.983  render           | Saved: '/var/folders/3p/xy1mfckj5tz4kx3h_mzdyx1h0000gn/T/ODM_compositor_smoke_g6016ooy/combined-background/ODM_staging_22ee72810ed64f37977e5e567a0a21c3/raw/matte/ODM_matte_0001.exr'
00:00.984  render           | Saved: '/var/folders/3p/xy1mfckj5tz4kx3h_mzdyx1h0000gn/T/ODM_compositor_smoke_g6016ooy/combined-background/ODM_staging_22ee72810ed64f37977e5e567a0a21c3/raw/vector/ODM_vector_0001.exr'
00:01.048  render           | Saved: '/var/folders/3p/xy1mfckj5tz4kx3h_mzdyx1h0000gn/T/ODM_compositor_smoke_g6016ooy/combined-background/ODM_staging_22ee72810ed64f37977e5e567a0a21c3/raw/beauty/ODM_beauty_0002.exr'
00:01.048  render           | Saved: '/var/folders/3p/xy1mfckj5tz4kx3h_mzdyx1h0000gn/T/ODM_compositor_smoke_g6016ooy/combined-background/ODM_staging_22ee72810ed64f37977e5e567a0a21c3/raw/matte/ODM_matte_0002.exr'
00:01.048  render           | Saved: '/var/folders/3p/xy1mfckj5tz4kx3h_mzdyx1h0000gn/T/ODM_compositor_smoke_g6016ooy/combined-background/ODM_staging_22ee72810ed64f37977e5e567a0a21c3/raw/vector/ODM_vector_0002.exr'
00:01.118  render           | Saved: '/var/folders/3p/xy1mfckj5tz4kx3h_mzdyx1h0000gn/T/ODM_compositor_smoke_g6016ooy/combined-background-failure/ODM_staging_af3bd4693ff2446dbe7b2463351e82eb/raw/matte/ODM_matte_0001.exr'
00:01.119  render           | Saved: '/var/folders/3p/xy1mfckj5tz4kx3h_mzdyx1h0000gn/T/ODM_compositor_smoke_g6016ooy/combined-background-failure/ODM_staging_af3bd4693ff2446dbe7b2463351e82eb/raw/vector/ODM_vector_0001.exr'
00:01.119  render           | Saved: '/var/folders/3p/xy1mfckj5tz4kx3h_mzdyx1h0000gn/T/ODM_compositor_smoke_g6016ooy/combined-background-failure/ODM_staging_af3bd4693ff2446dbe7b2463351e82eb/raw/beauty/ODM_beauty_0001.exr'
00:01.187  render           | Saved: '/var/folders/3p/xy1mfckj5tz4kx3h_mzdyx1h0000gn/T/ODM_compositor_smoke_g6016ooy/rendered/ODM_staging_8d7acded41144a9ba6ad092a08f6ba80/raw/vector/ODM_vector_0001.exr'
00:01.187  render           | Saved: '/var/folders/3p/xy1mfckj5tz4kx3h_mzdyx1h0000gn/T/ODM_compositor_smoke_g6016ooy/rendered/ODM_staging_8d7acded41144a9ba6ad092a08f6ba80/raw/beauty/ODM_beauty_0001.exr'
00:01.188  render           | Saved: '/var/folders/3p/xy1mfckj5tz4kx3h_mzdyx1h0000gn/T/ODM_compositor_smoke_g6016ooy/rendered/ODM_staging_8d7acded41144a9ba6ad092a08f6ba80/raw/matte/ODM_matte_0001.exr'
00:01.252  render           | Saved: '/var/folders/3p/xy1mfckj5tz4kx3h_mzdyx1h0000gn/T/ODM_compositor_smoke_g6016ooy/rendered/ODM_staging_8d7acded41144a9ba6ad092a08f6ba80/raw/matte/ODM_matte_0002.exr'
00:01.253  render           | Saved: '/var/folders/3p/xy1mfckj5tz4kx3h_mzdyx1h0000gn/T/ODM_compositor_smoke_g6016ooy/rendered/ODM_staging_8d7acded41144a9ba6ad092a08f6ba80/raw/vector/ODM_vector_0002.exr'
00:01.253  render           | Saved: '/var/folders/3p/xy1mfckj5tz4kx3h_mzdyx1h0000gn/T/ODM_compositor_smoke_g6016ooy/rendered/ODM_staging_8d7acded41144a9ba6ad092a08f6ba80/raw/beauty/ODM_beauty_0002.exr'
00:01.318  render           | Saved: '/var/folders/3p/xy1mfckj5tz4kx3h_mzdyx1h0000gn/T/ODM_compositor_smoke_g6016ooy/negative/ODM_staging_5c543e2ba7ff4953a7eee8f92b895b3e/raw/matte/ODM_matte_-0001.exr'
00:01.318  render           | Saved: '/var/folders/3p/xy1mfckj5tz4kx3h_mzdyx1h0000gn/T/ODM_compositor_smoke_g6016ooy/negative/ODM_staging_5c543e2ba7ff4953a7eee8f92b895b3e/raw/vector/ODM_vector_-0001.exr'
00:01.319  render           | Saved: '/var/folders/3p/xy1mfckj5tz4kx3h_mzdyx1h0000gn/T/ODM_compositor_smoke_g6016ooy/negative/ODM_staging_5c543e2ba7ff4953a7eee8f92b895b3e/raw/beauty/ODM_beauty_-0001.exr'
00:01.385  render           | Saved: '/var/folders/3p/xy1mfckj5tz4kx3h_mzdyx1h0000gn/T/ODM_compositor_smoke_g6016ooy/cancelled/ODM_staging_1a1fa68293ec4786b25a787329c4aea0/raw/beauty/ODM_beauty_0001.exr'
00:01.385  render           | Saved: '/var/folders/3p/xy1mfckj5tz4kx3h_mzdyx1h0000gn/T/ODM_compositor_smoke_g6016ooy/cancelled/ODM_staging_1a1fa68293ec4786b25a787329c4aea0/raw/vector/ODM_vector_0001.exr'
00:01.385  render           | Saved: '/var/folders/3p/xy1mfckj5tz4kx3h_mzdyx1h0000gn/T/ODM_compositor_smoke_g6016ooy/cancelled/ODM_staging_1a1fa68293ec4786b25a787329c4aea0/raw/matte/ODM_matte_0001.exr'
Info: Target set to Cube
Info: Cancel requested; waiting for a safe boundary...
Info: Created ODM_Vector_Calibration (frames 1-8)
Info: Saved as "ODM_smoke.blend"
Info: Object Index setup ready (pass 1)
Info: Object Index setup restored
Info: Object Index setup ready (pass 1)
Info: Cancel requested; waiting for a safe boundary...
Info: Rendered 1 raw frame(s)
Info: Object Index setup restored
Info: Object Index setup ready (pass 1)
Info: Cancel requested; waiting for a safe boundary...
Info: Cancel requested; waiting for a safe boundary...
Info: Render and Process complete: 2 frame(s)
Error: Render and Process failed during processing at frame 1: Cryptomatte decoding is experimental and is not available in the MVP
Info: Object Index setup restored
Render and Process outputs: ODM_beauty_0001.exr, ODM_vector_0001.exr, ODM_matte_0001.exr, ODM_processed_0001.exr, ODM_beauty_0002.exr, ODM_vector_0002.exr, ODM_matte_0002.exr, ODM_processed_0002.exr
Error: Cannot render, no camera
Object Index smoke outputs: ODM_beauty_0001.exr, ODM_vector_0001.exr, ODM_matte_0001.exr, ODM_beauty_0002.exr, ODM_vector_0002.exr, ODM_matte_0002.exr
Error: Processing failed during initialization at frame 1: Processed output exists and overwrite is disabled: /var/folders/3p/xy1mfckj5tz4kx3h_mzdyx1h0000gn/T/ODM_processing_smoke_126ofl4c/processed/ODM_processed_0001.exr, /var/folders/3p/xy1mfckj5tz4kx3h_mzdyx1h0000gn/T/ODM_processing_smoke_126ofl4c/processed/ODM_processed_0002.exr
Info: Cancel requested; waiting for a safe boundary...
Sequence processing outputs: ODM_processed_0001.exr, ODM_processed_0002.exr
Object Datamosh Blender smoke test passed
Blender 5.0.0 (hash a37564c4df7a built 2025-11-18 10:00:50)

Blender quit
